<?xml version="1.0" encoding="UTF-8"?>
<!-- Generated by org.testng.reporters.JUnitReportReporter -->
<testsuite hostname="NotebookEtech10" name="org.ts.mtproject.testcases.MTB_TC1_Login" tests="1" failures="0" timestamp="1 Jul 2016 14:27:39 GMT" time="13.131" errors="0">
  <testcase name="loginTC" time="13.131" classname="org.ts.mtproject.testcases.MTB_TC1_Login"/>
</testsuite> <!-- org.ts.mtproject.testcases.MTB_TC1_Login -->
