<?xml version="1.0" encoding="UTF-8"?>
<!-- Generated by org.testng.reporters.JUnitReportReporter -->
<testsuite hostname="etechnoteb5" name="org.ts.mtproject.testcases.MTB_TC1_Login" tests="1" failures="0" timestamp="5 Jul 2016 21:54:52 GMT" time="6.367" errors="0">
  <testcase name="loginTC" time="6.367" classname="org.ts.mtproject.testcases.MTB_TC1_Login"/>
</testsuite> <!-- org.ts.mtproject.testcases.MTB_TC1_Login -->
